C:\USERS\EPR_CONSULTANT18.MATIS-GROUP\DESKTOP\RADOME\RADOME_SERVER_V2\VISUAL11\ZLIB.DIR\DEBUG\ZUTIL.OBJ
C:\USERS\EPR_CONSULTANT18.MATIS-GROUP\DESKTOP\RADOME\RADOME_SERVER_V2\VISUAL11\ZLIB.DIR\DEBUG\UNCOMPR.OBJ
C:\USERS\EPR_CONSULTANT18.MATIS-GROUP\DESKTOP\RADOME\RADOME_SERVER_V2\VISUAL11\ZLIB.DIR\DEBUG\TREES.OBJ
C:\USERS\EPR_CONSULTANT18.MATIS-GROUP\DESKTOP\RADOME\RADOME_SERVER_V2\VISUAL11\ZLIB.DIR\DEBUG\INFTREES.OBJ
C:\USERS\EPR_CONSULTANT18.MATIS-GROUP\DESKTOP\RADOME\RADOME_SERVER_V2\VISUAL11\ZLIB.DIR\DEBUG\INFLATE.OBJ
C:\USERS\EPR_CONSULTANT18.MATIS-GROUP\DESKTOP\RADOME\RADOME_SERVER_V2\VISUAL11\ZLIB.DIR\DEBUG\INFFAST.OBJ
C:\USERS\EPR_CONSULTANT18.MATIS-GROUP\DESKTOP\RADOME\RADOME_SERVER_V2\VISUAL11\ZLIB.DIR\DEBUG\INFBACK.OBJ
C:\USERS\EPR_CONSULTANT18.MATIS-GROUP\DESKTOP\RADOME\RADOME_SERVER_V2\VISUAL11\ZLIB.DIR\DEBUG\GZWRITE.OBJ
C:\USERS\EPR_CONSULTANT18.MATIS-GROUP\DESKTOP\RADOME\RADOME_SERVER_V2\VISUAL11\ZLIB.DIR\DEBUG\GZREAD.OBJ
C:\USERS\EPR_CONSULTANT18.MATIS-GROUP\DESKTOP\RADOME\RADOME_SERVER_V2\VISUAL11\ZLIB.DIR\DEBUG\GZLIB.OBJ
C:\USERS\EPR_CONSULTANT18.MATIS-GROUP\DESKTOP\RADOME\RADOME_SERVER_V2\VISUAL11\ZLIB.DIR\DEBUG\GZIO.OBJ
C:\USERS\EPR_CONSULTANT18.MATIS-GROUP\DESKTOP\RADOME\RADOME_SERVER_V2\VISUAL11\ZLIB.DIR\DEBUG\GZCLOSE.OBJ
C:\USERS\EPR_CONSULTANT18.MATIS-GROUP\DESKTOP\RADOME\RADOME_SERVER_V2\VISUAL11\ZLIB.DIR\DEBUG\DEFLATE.OBJ
C:\USERS\EPR_CONSULTANT18.MATIS-GROUP\DESKTOP\RADOME\RADOME_SERVER_V2\VISUAL11\ZLIB.DIR\DEBUG\CRC32.OBJ
C:\USERS\EPR_CONSULTANT18.MATIS-GROUP\DESKTOP\RADOME\RADOME_SERVER_V2\VISUAL11\ZLIB.DIR\DEBUG\COMPRESS.OBJ
C:\USERS\EPR_CONSULTANT18.MATIS-GROUP\DESKTOP\RADOME\RADOME_SERVER_V2\VISUAL11\ZLIB.DIR\DEBUG\ADLER32.OBJ
C:\USERS\EPR_CONSULTANT18.MATIS-GROUP\DESKTOP\RADOME\RADOME_SERVER_V2\VISUAL11\ZLIB.DIR\DEBUG\VC110.PDB
C:\USERS\EPR_CONSULTANT18.MATIS-GROUP\DESKTOP\RADOME\RADOME_SERVER_V2\VISUAL11\CMAKEFILES\GENERATE.STAMP
C:\USERS\EPR_CONSULTANT18.MATIS-GROUP\DESKTOP\RADOME\RADOME_SERVER_V2\VISUAL11\LIB\DEBUG\ZLIB.LIB
C:\Users\epr_consultant18.MATIS-GROUP\Desktop\RADOME\RADOME_Server_v2\visual11\ZLIB.dir\Debug\adler32.obj
C:\Users\epr_consultant18.MATIS-GROUP\Desktop\RADOME\RADOME_Server_v2\visual11\ZLIB.dir\Debug\compress.obj
C:\Users\epr_consultant18.MATIS-GROUP\Desktop\RADOME\RADOME_Server_v2\visual11\ZLIB.dir\Debug\crc32.obj
C:\Users\epr_consultant18.MATIS-GROUP\Desktop\RADOME\RADOME_Server_v2\visual11\ZLIB.dir\Debug\deflate.obj
C:\Users\epr_consultant18.MATIS-GROUP\Desktop\RADOME\RADOME_Server_v2\visual11\ZLIB.dir\Debug\gzclose.obj
C:\Users\epr_consultant18.MATIS-GROUP\Desktop\RADOME\RADOME_Server_v2\visual11\ZLIB.dir\Debug\gzio.obj
C:\Users\epr_consultant18.MATIS-GROUP\Desktop\RADOME\RADOME_Server_v2\visual11\ZLIB.dir\Debug\gzlib.obj
C:\Users\epr_consultant18.MATIS-GROUP\Desktop\RADOME\RADOME_Server_v2\visual11\ZLIB.dir\Debug\gzread.obj
C:\Users\epr_consultant18.MATIS-GROUP\Desktop\RADOME\RADOME_Server_v2\visual11\ZLIB.dir\Debug\gzwrite.obj
C:\Users\epr_consultant18.MATIS-GROUP\Desktop\RADOME\RADOME_Server_v2\visual11\ZLIB.dir\Debug\infback.obj
C:\Users\epr_consultant18.MATIS-GROUP\Desktop\RADOME\RADOME_Server_v2\visual11\ZLIB.dir\Debug\inffast.obj
C:\Users\epr_consultant18.MATIS-GROUP\Desktop\RADOME\RADOME_Server_v2\visual11\ZLIB.dir\Debug\inflate.obj
C:\Users\epr_consultant18.MATIS-GROUP\Desktop\RADOME\RADOME_Server_v2\visual11\ZLIB.dir\Debug\inftrees.obj
C:\Users\epr_consultant18.MATIS-GROUP\Desktop\RADOME\RADOME_Server_v2\visual11\ZLIB.dir\Debug\trees.obj
C:\Users\epr_consultant18.MATIS-GROUP\Desktop\RADOME\RADOME_Server_v2\visual11\ZLIB.dir\Debug\uncompr.obj
C:\Users\epr_consultant18.MATIS-GROUP\Desktop\RADOME\RADOME_Server_v2\visual11\ZLIB.dir\Debug\zutil.obj
C:\Users\epr_consultant18.MATIS-GROUP\Desktop\RADOME\RADOME_Server_v2\visual11\ZLIB.dir\Debug\cl.command.1.tlog
C:\Users\epr_consultant18.MATIS-GROUP\Desktop\RADOME\RADOME_Server_v2\visual11\ZLIB.dir\Debug\CL.read.1.tlog
C:\Users\epr_consultant18.MATIS-GROUP\Desktop\RADOME\RADOME_Server_v2\visual11\ZLIB.dir\Debug\CL.write.1.tlog
C:\Users\epr_consultant18.MATIS-GROUP\Desktop\RADOME\RADOME_Server_v2\visual11\ZLIB.dir\Debug\custombuild.command.1.tlog
C:\Users\epr_consultant18.MATIS-GROUP\Desktop\RADOME\RADOME_Server_v2\visual11\ZLIB.dir\Debug\custombuild.read.1.tlog
C:\Users\epr_consultant18.MATIS-GROUP\Desktop\RADOME\RADOME_Server_v2\visual11\ZLIB.dir\Debug\custombuild.write.1.tlog
C:\Users\epr_consultant18.MATIS-GROUP\Desktop\RADOME\RADOME_Server_v2\visual11\ZLIB.dir\Debug\Lib-link.read.1.tlog
C:\Users\epr_consultant18.MATIS-GROUP\Desktop\RADOME\RADOME_Server_v2\visual11\ZLIB.dir\Debug\Lib-link.write.1.tlog
C:\Users\epr_consultant18.MATIS-GROUP\Desktop\RADOME\RADOME_Server_v2\visual11\ZLIB.dir\Debug\lib.command.1.tlog
C:\Users\epr_consultant18.MATIS-GROUP\Desktop\RADOME\RADOME_Server_v2\visual11\ZLIB.dir\Debug\vc110.pdb
C:\Users\epr_consultant18.MATIS-GROUP\Desktop\RADOME\RADOME_Server_v2\visual11\lib\Debug\ZLIB.lib
