La génération a démarré 23/02/2015 17:25:43.
     1>Projet "C:\Users\epr_consultant18.MATIS-GROUP\Desktop\RADOME\RADOME_Server_v2\visual11\ZLIB.vcxproj" sur le nœud 2 (Rebuild cible(s)).
     1>CustomBuild:
         Building Custom Rule C:/Users/epr_consultant18.MATIS-GROUP/Desktop/RADOME/RADOME_Server_v2/CMakeLists.txt
         CMake does not need to re-run because C:\Users\epr_consultant18.MATIS-GROUP\Desktop\RADOME\RADOME_Server_v2\visual11\CMakeFiles\generate.stamp is up-to-date.
       ClCompile:
         C:\Program Files (x86)\Microsoft Visual Studio 11.0\VC\bin\CL.exe /c /I"C:\Users\epr_consultant18.MATIS-GROUP\Desktop\RADOME\RADOME_Server_v2\visual11" /I"C:\Users\epr_consultant18.MATIS-GROUP\Desktop\RADOME\RADOME_Server_v2\lib" /I"C:\Users\epr_consultant18.MATIS-GROUP\Desktop\RADOME\RADOME_Server_v2\win32port\win32helpers" /I"C:\Users\epr_consultant18.MATIS-GROUP\Desktop\RADOME\RADOME_Server_v2\win32port\zlib" /Zi /nologo /W3 /WX- /Od /Ob0 /Oy- /D WIN32 /D _WINDOWS /D _DEBUG /D CMAKE_BUILD /D _CRT_SECURE_NO_DEPRECATE /D _CRT_NONSTDC_NO_DEPRECATE /D HAVE_DECL__ISNAN /D HAVE_DECL__FINITE /D HAVE_DECL_NAN /D HAVE_DECL_INFINITY /D "CMAKE_INTDIR=\"Debug\"" /D _MBCS /Gm- /RTC1 /MDd /GS /fp:precise /Zc:wchar_t /Zc:forScope /Fo"ZLIB.dir\Debug\\" /Fd"ZLIB.dir\Debug\vc110.pdb" /Gd /TC /analyze- /errorReport:prompt ..\win32port\zlib\adler32.c ..\win32port\zlib\compress.c ..\win32port\zlib\crc32.c ..\win32port\zlib\deflate.c ..\win32port\zlib\gzclose.c ..\win32port\zlib\gzio.c ..\win32port\zlib\gzlib.c ..\win32port\zlib\gzread.c ..\win32port\zlib\gzwrite.c ..\win32port\zlib\infback.c ..\win32port\zlib\inffast.c ..\win32port\zlib\inflate.c ..\win32port\zlib\inftrees.c ..\win32port\zlib\trees.c ..\win32port\zlib\uncompr.c ..\win32port\zlib\zutil.c
         adler32.c
         compress.c
         crc32.c
         deflate.c
         gzclose.c
         gzio.c
         gzlib.c
         gzread.c
         gzwrite.c
         infback.c
         inffast.c
         inflate.c
         inftrees.c
         trees.c
         uncompr.c
         zutil.c
         Génération de code en cours...
       Lib:
         C:\Program Files (x86)\Microsoft Visual Studio 11.0\VC\bin\Lib.exe /OUT:"C:\Users\epr_consultant18.MATIS-GROUP\Desktop\RADOME\RADOME_Server_v2\visual11\lib\Debug\ZLIB.lib" /NOLOGO ZLIB.dir\Debug\adler32.obj
         ZLIB.dir\Debug\compress.obj
         ZLIB.dir\Debug\crc32.obj
         ZLIB.dir\Debug\deflate.obj
         ZLIB.dir\Debug\gzclose.obj
         ZLIB.dir\Debug\gzio.obj
         ZLIB.dir\Debug\gzlib.obj
         ZLIB.dir\Debug\gzread.obj
         ZLIB.dir\Debug\gzwrite.obj
         ZLIB.dir\Debug\infback.obj
         ZLIB.dir\Debug\inffast.obj
         ZLIB.dir\Debug\inflate.obj
         ZLIB.dir\Debug\inftrees.obj
         ZLIB.dir\Debug\trees.obj
         ZLIB.dir\Debug\uncompr.obj
         ZLIB.dir\Debug\zutil.obj
     1>gzio.obj : warning LNK4006: _gzdopen dÚjÓ dÚfini dans gzlib.objá; seconde dÚfinition ignorÚe
     1>gzio.obj : warning LNK4006: _gzsetparams dÚjÓ dÚfini dans gzwrite.objá; seconde dÚfinition ignorÚe
     1>gzio.obj : warning LNK4006: _gzread dÚjÓ dÚfini dans gzread.objá; seconde dÚfinition ignorÚe
     1>gzio.obj : warning LNK4006: _gzwrite dÚjÓ dÚfini dans gzwrite.objá; seconde dÚfinition ignorÚe
     1>gzio.obj : warning LNK4006: _gzprintf dÚjÓ dÚfini dans gzwrite.objá; seconde dÚfinition ignorÚe
     1>gzio.obj : warning LNK4006: _gzputs dÚjÓ dÚfini dans gzwrite.objá; seconde dÚfinition ignorÚe
     1>gzio.obj : warning LNK4006: _gzgets dÚjÓ dÚfini dans gzread.objá; seconde dÚfinition ignorÚe
     1>gzio.obj : warning LNK4006: _gzputc dÚjÓ dÚfini dans gzwrite.objá; seconde dÚfinition ignorÚe
     1>gzio.obj : warning LNK4006: _gzgetc dÚjÓ dÚfini dans gzread.objá; seconde dÚfinition ignorÚe
     1>gzio.obj : warning LNK4006: _gzungetc dÚjÓ dÚfini dans gzread.objá; seconde dÚfinition ignorÚe
     1>gzio.obj : warning LNK4006: _gzflush dÚjÓ dÚfini dans gzwrite.objá; seconde dÚfinition ignorÚe
     1>gzio.obj : warning LNK4006: _gzrewind dÚjÓ dÚfini dans gzlib.objá; seconde dÚfinition ignorÚe
     1>gzio.obj : warning LNK4006: _gzeof dÚjÓ dÚfini dans gzlib.objá; seconde dÚfinition ignorÚe
     1>gzio.obj : warning LNK4006: _gzerror dÚjÓ dÚfini dans gzlib.objá; seconde dÚfinition ignorÚe
     1>gzio.obj : warning LNK4006: _gzclearerr dÚjÓ dÚfini dans gzlib.objá; seconde dÚfinition ignorÚe
     1>gzio.obj : warning LNK4006: _gzopen dÚjÓ dÚfini dans gzlib.objá; seconde dÚfinition ignorÚe
     1>gzio.obj : warning LNK4006: _gzseek dÚjÓ dÚfini dans gzlib.objá; seconde dÚfinition ignorÚe
     1>gzio.obj : warning LNK4006: _gztell dÚjÓ dÚfini dans gzlib.objá; seconde dÚfinition ignorÚe
     1>gzclose.obj : warning LNK4006: _gzclose dÚjÓ dÚfini dans gzio.objá; seconde dÚfinition ignorÚe
     1>gzclose.obj : warning LNK4221: Ce fichier objet ne dÚfinit pas de symboles publics jusqu'ici non dÚfinis. Par consÚquent, il ne sera utilisÚ par aucune opÚration de lien utilisant cette bibliothÞque
         ZLIB.vcxproj -> C:\Users\epr_consultant18.MATIS-GROUP\Desktop\RADOME\RADOME_Server_v2\visual11\lib\Debug\ZLIB.lib
     1>Génération du projet "C:\Users\epr_consultant18.MATIS-GROUP\Desktop\RADOME\RADOME_Server_v2\visual11\ZLIB.vcxproj" terminée (Rebuild cible(s)).

La génération a réussi.

Temps écoulé 00:00:02.66
