C:\USERS\EPR_CONSULTANT18.MATIS-GROUP\DESKTOP\RADOME\RADOME_SERVER_V2\VISUAL11\WEBSOCKETS.DIR\DEBUG\EXTENSION-DEFLATE-STREAM.OBJ
C:\USERS\EPR_CONSULTANT18.MATIS-GROUP\DESKTOP\RADOME\RADOME_SERVER_V2\VISUAL11\WEBSOCKETS.DIR\DEBUG\EXTENSION-DEFLATE-FRAME.OBJ
C:\USERS\EPR_CONSULTANT18.MATIS-GROUP\DESKTOP\RADOME\RADOME_SERVER_V2\VISUAL11\WEBSOCKETS.DIR\DEBUG\EXTENSION.OBJ
C:\USERS\EPR_CONSULTANT18.MATIS-GROUP\DESKTOP\RADOME\RADOME_SERVER_V2\VISUAL11\WEBSOCKETS.DIR\DEBUG\SERVER-HANDSHAKE.OBJ
C:\USERS\EPR_CONSULTANT18.MATIS-GROUP\DESKTOP\RADOME\RADOME_SERVER_V2\VISUAL11\WEBSOCKETS.DIR\DEBUG\SERVER.OBJ
C:\USERS\EPR_CONSULTANT18.MATIS-GROUP\DESKTOP\RADOME\RADOME_SERVER_V2\VISUAL11\WEBSOCKETS.DIR\DEBUG\LWS-PLAT-WIN.OBJ
C:\USERS\EPR_CONSULTANT18.MATIS-GROUP\DESKTOP\RADOME\RADOME_SERVER_V2\VISUAL11\WEBSOCKETS.DIR\DEBUG\CLIENT-PARSER.OBJ
C:\USERS\EPR_CONSULTANT18.MATIS-GROUP\DESKTOP\RADOME\RADOME_SERVER_V2\VISUAL11\WEBSOCKETS.DIR\DEBUG\CLIENT-HANDSHAKE.OBJ
C:\USERS\EPR_CONSULTANT18.MATIS-GROUP\DESKTOP\RADOME\RADOME_SERVER_V2\VISUAL11\WEBSOCKETS.DIR\DEBUG\CLIENT.OBJ
C:\USERS\EPR_CONSULTANT18.MATIS-GROUP\DESKTOP\RADOME\RADOME_SERVER_V2\VISUAL11\WEBSOCKETS.DIR\DEBUG\SHA-1.OBJ
C:\USERS\EPR_CONSULTANT18.MATIS-GROUP\DESKTOP\RADOME\RADOME_SERVER_V2\VISUAL11\WEBSOCKETS.DIR\DEBUG\CONTEXT.OBJ
C:\USERS\EPR_CONSULTANT18.MATIS-GROUP\DESKTOP\RADOME\RADOME_SERVER_V2\VISUAL11\WEBSOCKETS.DIR\DEBUG\PARSERS.OBJ
C:\USERS\EPR_CONSULTANT18.MATIS-GROUP\DESKTOP\RADOME\RADOME_SERVER_V2\VISUAL11\WEBSOCKETS.DIR\DEBUG\OUTPUT.OBJ
C:\USERS\EPR_CONSULTANT18.MATIS-GROUP\DESKTOP\RADOME\RADOME_SERVER_V2\VISUAL11\WEBSOCKETS.DIR\DEBUG\POLLFD.OBJ
C:\USERS\EPR_CONSULTANT18.MATIS-GROUP\DESKTOP\RADOME\RADOME_SERVER_V2\VISUAL11\WEBSOCKETS.DIR\DEBUG\SERVICE.OBJ
C:\USERS\EPR_CONSULTANT18.MATIS-GROUP\DESKTOP\RADOME\RADOME_SERVER_V2\VISUAL11\WEBSOCKETS.DIR\DEBUG\LIBWEBSOCKETS.OBJ
C:\USERS\EPR_CONSULTANT18.MATIS-GROUP\DESKTOP\RADOME\RADOME_SERVER_V2\VISUAL11\WEBSOCKETS.DIR\DEBUG\HANDSHAKE.OBJ
C:\USERS\EPR_CONSULTANT18.MATIS-GROUP\DESKTOP\RADOME\RADOME_SERVER_V2\VISUAL11\WEBSOCKETS.DIR\DEBUG\BASE64-DECODE.OBJ
C:\USERS\EPR_CONSULTANT18.MATIS-GROUP\DESKTOP\RADOME\RADOME_SERVER_V2\VISUAL11\WEBSOCKETS.DIR\DEBUG\VC110.PDB
C:\USERS\EPR_CONSULTANT18.MATIS-GROUP\DESKTOP\RADOME\RADOME_SERVER_V2\VISUAL11\CMAKEFILES\GENERATE.STAMP
C:\USERS\EPR_CONSULTANT18.MATIS-GROUP\DESKTOP\RADOME\RADOME_SERVER_V2\VISUAL11\LIB\DEBUG\WEBSOCKETS_STATIC.LIB
C:\Users\epr_consultant18.MATIS-GROUP\Desktop\RADOME\RADOME_Server_v2\visual11\websockets.dir\Debug\websockets.vcxprojResolveAssemblyReference.cache
C:\Users\epr_consultant18.MATIS-GROUP\Desktop\RADOME\RADOME_Server_v2\visual11\websockets.dir\Debug\base64-decode.obj
C:\Users\epr_consultant18.MATIS-GROUP\Desktop\RADOME\RADOME_Server_v2\visual11\websockets.dir\Debug\client-handshake.obj
C:\Users\epr_consultant18.MATIS-GROUP\Desktop\RADOME\RADOME_Server_v2\visual11\websockets.dir\Debug\client-parser.obj
C:\Users\epr_consultant18.MATIS-GROUP\Desktop\RADOME\RADOME_Server_v2\visual11\websockets.dir\Debug\client.obj
C:\Users\epr_consultant18.MATIS-GROUP\Desktop\RADOME\RADOME_Server_v2\visual11\websockets.dir\Debug\context.obj
C:\Users\epr_consultant18.MATIS-GROUP\Desktop\RADOME\RADOME_Server_v2\visual11\websockets.dir\Debug\extension-deflate-frame.obj
C:\Users\epr_consultant18.MATIS-GROUP\Desktop\RADOME\RADOME_Server_v2\visual11\websockets.dir\Debug\extension-deflate-stream.obj
C:\Users\epr_consultant18.MATIS-GROUP\Desktop\RADOME\RADOME_Server_v2\visual11\websockets.dir\Debug\extension.obj
C:\Users\epr_consultant18.MATIS-GROUP\Desktop\RADOME\RADOME_Server_v2\visual11\websockets.dir\Debug\handshake.obj
C:\Users\epr_consultant18.MATIS-GROUP\Desktop\RADOME\RADOME_Server_v2\visual11\websockets.dir\Debug\libwebsockets.obj
C:\Users\epr_consultant18.MATIS-GROUP\Desktop\RADOME\RADOME_Server_v2\visual11\websockets.dir\Debug\lws-plat-win.obj
C:\Users\epr_consultant18.MATIS-GROUP\Desktop\RADOME\RADOME_Server_v2\visual11\websockets.dir\Debug\output.obj
C:\Users\epr_consultant18.MATIS-GROUP\Desktop\RADOME\RADOME_Server_v2\visual11\websockets.dir\Debug\parsers.obj
C:\Users\epr_consultant18.MATIS-GROUP\Desktop\RADOME\RADOME_Server_v2\visual11\websockets.dir\Debug\pollfd.obj
C:\Users\epr_consultant18.MATIS-GROUP\Desktop\RADOME\RADOME_Server_v2\visual11\websockets.dir\Debug\server-handshake.obj
C:\Users\epr_consultant18.MATIS-GROUP\Desktop\RADOME\RADOME_Server_v2\visual11\websockets.dir\Debug\server.obj
C:\Users\epr_consultant18.MATIS-GROUP\Desktop\RADOME\RADOME_Server_v2\visual11\websockets.dir\Debug\service.obj
C:\Users\epr_consultant18.MATIS-GROUP\Desktop\RADOME\RADOME_Server_v2\visual11\websockets.dir\Debug\sha-1.obj
C:\Users\epr_consultant18.MATIS-GROUP\Desktop\RADOME\RADOME_Server_v2\visual11\websockets.dir\Debug\cl.command.1.tlog
C:\Users\epr_consultant18.MATIS-GROUP\Desktop\RADOME\RADOME_Server_v2\visual11\websockets.dir\Debug\CL.read.1.tlog
C:\Users\epr_consultant18.MATIS-GROUP\Desktop\RADOME\RADOME_Server_v2\visual11\websockets.dir\Debug\CL.write.1.tlog
C:\Users\epr_consultant18.MATIS-GROUP\Desktop\RADOME\RADOME_Server_v2\visual11\websockets.dir\Debug\custombuild.command.1.tlog
C:\Users\epr_consultant18.MATIS-GROUP\Desktop\RADOME\RADOME_Server_v2\visual11\websockets.dir\Debug\custombuild.read.1.tlog
C:\Users\epr_consultant18.MATIS-GROUP\Desktop\RADOME\RADOME_Server_v2\visual11\websockets.dir\Debug\custombuild.write.1.tlog
C:\Users\epr_consultant18.MATIS-GROUP\Desktop\RADOME\RADOME_Server_v2\visual11\websockets.dir\Debug\Lib-link.read.1.tlog
C:\Users\epr_consultant18.MATIS-GROUP\Desktop\RADOME\RADOME_Server_v2\visual11\websockets.dir\Debug\Lib-link.write.1.tlog
C:\Users\epr_consultant18.MATIS-GROUP\Desktop\RADOME\RADOME_Server_v2\visual11\websockets.dir\Debug\lib.command.1.tlog
C:\Users\epr_consultant18.MATIS-GROUP\Desktop\RADOME\RADOME_Server_v2\visual11\websockets.dir\Debug\vc110.pdb
C:\Users\epr_consultant18.MATIS-GROUP\Desktop\RADOME\RADOME_Server_v2\visual11\lib\Debug\websockets_static.lib
